2025-10-22 13:24:11 - crm - INFO - [init] 📦 Создание таблицы salon_settings...
2025-10-22 13:24:11 - crm - INFO - [init] ➕ Заполнение начальными значениями...
2025-10-22 13:24:11 - crm - INFO - [init] ✅ salon_settings заполнена!
2025-10-22 13:24:11 - crm - INFO - [init] 📦 Создание таблицы bot_settings...
2025-10-22 13:24:11 - crm - WARNING - [init] ⚠️ bot_settings уже содержит данные, пропускаю...
2025-10-22 13:27:01 - crm - INFO - [init] 📦 Создание таблицы salon_settings...
2025-10-22 13:27:01 - crm - WARNING - [init] ⚠️ salon_settings уже содержит данные, пропускаю...
2025-10-22 13:27:01 - crm - INFO - [init] 📦 Создание таблицы bot_settings...
2025-10-22 13:27:01 - crm - WARNING - [init] ⚠️ bot_settings уже содержит данные, пропускаю...
2025-10-22 13:33:36 - crm - INFO - [init] 📦 Создание таблицы salon_settings...
2025-10-22 13:33:36 - crm - WARNING - [init] ⚠️ salon_settings уже содержит данные, пропускаю...
2025-10-22 13:33:36 - crm - INFO - [init] 📦 Создание таблицы bot_settings...
2025-10-22 13:33:36 - crm - WARNING - [init] ⚠️ bot_settings уже содержит данные, пропускаю...
2025-10-22 13:37:01 - crm - INFO - [init] 📦 Создание/проверка таблицы salon_settings...
2025-10-22 13:37:01 - crm - INFO - [init] ℹ️ salon_settings уже содержит 1 записей, пропускаю...
2025-10-22 13:37:01 - crm - INFO - [init] 📦 Создание/проверка таблицы bot_settings...
2025-10-22 13:37:01 - crm - INFO - [init] ℹ️ bot_settings уже содержит 1 записей, пропускаю...
2025-10-22 13:37:01 - crm - INFO - [verify] 🔍 Проверка наличия данных...
2025-10-22 13:37:01 - crm - INFO - [verify] ✅ salon_settings: 1 записей. Название салона: M.Le Diamant Beauty Lounge
2025-10-22 13:37:01 - crm - INFO - [verify] ✅ bot_settings: 1 записей. Имя бота: None
